C:\DOCUMENTS AND SETTINGS\ZAK\DESKTOP\FIGHT_1.0\DEBUG\FIGHT_1.0.EXE
C:\DOCUMENTS AND SETTINGS\ZAK\DESKTOP\FIGHT_1.0\DEBUG\FIGHT_1.0.ILK
C:\DOCUMENTS AND SETTINGS\ZAK\DESKTOP\FIGHT_1.0\DEBUG\FIGHT_1.0.PDB
C:\Documents and Settings\Zak\Desktop\Fight_1.0\Fight_1.0\Debug\cl.command.1.tlog
C:\Documents and Settings\Zak\Desktop\Fight_1.0\Fight_1.0\Debug\CL.read.1.tlog
C:\Documents and Settings\Zak\Desktop\Fight_1.0\Fight_1.0\Debug\CL.write.1.tlog
C:\DOCUMENTS AND SETTINGS\ZAK\DESKTOP\FIGHT_1.0\FIGHT_1.0\DEBUG\FIGHT_1.0.EXE.EMBED.MANIFEST
C:\DOCUMENTS AND SETTINGS\ZAK\DESKTOP\FIGHT_1.0\FIGHT_1.0\DEBUG\FIGHT_1.0.EXE.EMBED.MANIFEST.RES
C:\DOCUMENTS AND SETTINGS\ZAK\DESKTOP\FIGHT_1.0\FIGHT_1.0\DEBUG\FIGHT_1.0.EXE.INTERMEDIATE.MANIFEST
C:\Documents and Settings\Zak\Desktop\Fight_1.0\Fight_1.0\Debug\Fight_1.0_manifest.rc
C:\Documents and Settings\Zak\Desktop\Fight_1.0\Fight_1.0\Debug\link.4308.read.1.tlog
C:\Documents and Settings\Zak\Desktop\Fight_1.0\Fight_1.0\Debug\link.4308.read.2.tlog
C:\Documents and Settings\Zak\Desktop\Fight_1.0\Fight_1.0\Debug\link.4308.write.1.tlog
C:\Documents and Settings\Zak\Desktop\Fight_1.0\Fight_1.0\Debug\link.4308-cvtres.read.1.tlog
C:\Documents and Settings\Zak\Desktop\Fight_1.0\Fight_1.0\Debug\link.4308-cvtres.write.1.tlog
C:\Documents and Settings\Zak\Desktop\Fight_1.0\Fight_1.0\Debug\link.6004.read.1.tlog
C:\Documents and Settings\Zak\Desktop\Fight_1.0\Fight_1.0\Debug\link.6004.read.2.tlog
C:\Documents and Settings\Zak\Desktop\Fight_1.0\Fight_1.0\Debug\link.6004.write.1.tlog
C:\Documents and Settings\Zak\Desktop\Fight_1.0\Fight_1.0\Debug\link.6004-cvtres.read.1.tlog
C:\Documents and Settings\Zak\Desktop\Fight_1.0\Fight_1.0\Debug\link.6004-cvtres.write.1.tlog
C:\Documents and Settings\Zak\Desktop\Fight_1.0\Fight_1.0\Debug\link.command.1.tlog
C:\Documents and Settings\Zak\Desktop\Fight_1.0\Fight_1.0\Debug\link.read.1.tlog
C:\Documents and Settings\Zak\Desktop\Fight_1.0\Fight_1.0\Debug\link.read.2.tlog
C:\Documents and Settings\Zak\Desktop\Fight_1.0\Fight_1.0\Debug\link.write.1.tlog
C:\Documents and Settings\Zak\Desktop\Fight_1.0\Fight_1.0\Debug\link-cvtres.read.1.tlog
C:\Documents and Settings\Zak\Desktop\Fight_1.0\Fight_1.0\Debug\link-cvtres.write.1.tlog
C:\DOCUMENTS AND SETTINGS\ZAK\DESKTOP\FIGHT_1.0\FIGHT_1.0\DEBUG\MAIN.OBJ
C:\Documents and Settings\Zak\Desktop\Fight_1.0\Fight_1.0\Debug\mt.command.1.tlog
C:\Documents and Settings\Zak\Desktop\Fight_1.0\Fight_1.0\Debug\mt.read.1.tlog
C:\Documents and Settings\Zak\Desktop\Fight_1.0\Fight_1.0\Debug\mt.write.1.tlog
C:\Documents and Settings\Zak\Desktop\Fight_1.0\Fight_1.0\Debug\rc.command.1.tlog
C:\Documents and Settings\Zak\Desktop\Fight_1.0\Fight_1.0\Debug\rc.read.1.tlog
C:\Documents and Settings\Zak\Desktop\Fight_1.0\Fight_1.0\Debug\rc.write.1.tlog
C:\Documents and Settings\Zak\Desktop\Fight_1.0\Fight_1.0\Debug\vc100.idb
C:\DOCUMENTS AND SETTINGS\ZAK\DESKTOP\FIGHT_1.0\FIGHT_1.0\DEBUG\VC100.PDB
